<?xml version="1.0" encoding="UTF-8"?>
<!-- Generated by org.testng.reporters.JUnitReportReporter -->
<testsuite skipped="0" hostname="DESKTOP-FOV1PRD" name="test.Test1" tests="1" failures="0" timestamp="27 Aug 2019 08:25:10 GMT" time="5.086" errors="0">
  <testcase name="testm" time="5.086" classname="test.Test1"/>
</testsuite> <!-- test.Test1 -->
