<?xml version="1.0" encoding="UTF-8"?>
<!-- Generated by org.testng.reporters.JUnitReportReporter -->
<testsuite skipped="0" hostname="DESKTOP-FOV1PRD" name="test.Test1" tests="1" failures="0" timestamp="27 Aug 2019 11:44:13 GMT" time="9.278" errors="0">
  <testcase name="testm" time="9.278" classname="test.Test1"/>
</testsuite> <!-- test.Test1 -->
